<?xml version="1.0" encoding="UTF-8"?>
<!-- Generated by org.testng.reporters.JUnitReportReporter -->
<testsuite hostname="Lenovo-PC" name="com.techm.selenium.home.TC003" tests="1" failures="0" timestamp="29 May 2019 04:40:07 GMT" time="0.007" errors="0">
  <testcase name="TC0023" time="0.007" classname="com.techm.selenium.home.TC003"/>
</testsuite> <!-- com.techm.selenium.home.TC003 -->
