<?xml version="1.0" encoding="UTF-8"?>
<!-- Generated by org.testng.reporters.JUnitReportReporter -->
<testsuite name="com.techm.selenium.home.RemoteDriver" tests="1" time="3.838" ignored="0" failures="0" timestamp="30 May 2019 04:26:32 GMT" skipped="0" hostname="Lenovo-PC" errors="0">
  <testcase name="test" time="3.838" classname="com.techm.selenium.home.RemoteDriver"/>
</testsuite> <!-- com.techm.selenium.home.RemoteDriver -->
