<?xml version="1.0" encoding="UTF-8"?>
<!-- Generated by org.testng.reporters.JUnitReportReporter -->
<testsuite hostname="Lenovo-PC" name="com.techm.selenium.home.TC001" tests="1" failures="0" timestamp="28 May 2019 04:31:01 GMT" time="13.185" errors="0">
  <testcase name="TC001" time="13.185" classname="com.techm.selenium.home.TC001"/>
</testsuite> <!-- com.techm.selenium.home.TC001 -->
