<?xml version="1.0" encoding="UTF-8"?>
<!-- Generated by org.testng.reporters.JUnitReportReporter -->
<testsuite name="com.techm.selenium.home.Report1" tests="2" time="0.477" ignored="0" failures="0" timestamp="15 May 2019 04:03:40 GMT" skipped="0" hostname="Lenovo-PC" errors="0">
  <testcase name="Report1" time="0.437" classname="com.techm.selenium.home.Report1"/>
  <testcase name="testcase1" time="0.040" classname="com.techm.selenium.home.Report1"/>
</testsuite> <!-- com.techm.selenium.home.Report1 -->
