<?xml version="1.0" encoding="UTF-8"?>
<!-- Generated by org.testng.reporters.JUnitReportReporter -->
<testsuite name="com.techm.selenium.home.TC002" tests="1" time="17.125" ignored="0" failures="0" timestamp="20 May 2019 03:45:01 GMT" skipped="1" hostname="Lenovo-PC" errors="0">
  <testcase name="TC002" time="17.125" classname="com.techm.selenium.home.TC002">
    <skipped/>
  </testcase> <!-- TC002 -->
</testsuite> <!-- com.techm.selenium.home.TC002 -->
