<?xml version="1.0" encoding="UTF-8"?>
<!-- Generated by org.testng.reporters.JUnitReportReporter -->
<testsuite name="com.techm.selenium.home.ExcelRead" tests="1" time="0.590" ignored="0" failures="0" timestamp="12 May 2019 11:04:33 GMT" skipped="1" hostname="Lenovo-PC" errors="0">
  <testcase name="Excel" time="0.590" classname="com.techm.selenium.home.ExcelRead">
    <skipped/>
  </testcase> <!-- Excel -->
</testsuite> <!-- com.techm.selenium.home.ExcelRead -->
